2019-12-18 16:58:49 +0000  Initial pipeline context: <IDEDistributionProcessingPipelineContext: 0x7f9ff593d8d0; archive(resolved)='<IDEArchive: 0x7f9ff4ac2cf0>', distributionTask(resolved)='2', distributionDestination(resolved)='1', distributionMethod(resolved)='<IDEDistributionMethodAdHoc: 0x7f9ff4fba1c0>', team(resolved)='<IDEProvisioningDisambiguatableBasicTeam: 0x7f9ff157f250; teamID='D4862A5JQ6', teamName='Matthew Taylor', teamType='Individual', username='majikpig@gmail.com', isFreeProvisioningTeam='0'>'>
	Chain (13, self inclusive):
	<IDEDistributionProcessingPipelineContext: 0x7f9ff593d8d0; archive = '<IDEArchive: 0x7f9ff4ac2cf0>', distributionMethod='<IDEDistributionMethodAdHoc: 0x7f9ff4fba1c0>', team='<IDEProvisioningDisambiguatableBasicTeam: 0x7f9ff157f250; teamID='D4862A5JQ6', teamName='Matthew Taylor', teamType='Individual', username='majikpig@gmail.com', isFreeProvisioningTeam='0'>'>
	<IDEDistributionProcessingPipelineContext: 0x7f9ff6fd5830; archive = '<IDEArchive: 0x7f9ff4ac2cf0>', distributionMethod='<IDEDistributionMethodAdHoc: 0x7f9ff4fba1c0>', team='<IDEProvisioningDisambiguatableBasicTeam: 0x7f9ff157f250; teamID='D4862A5JQ6', teamName='Matthew Taylor', teamType='Individual', username='majikpig@gmail.com', isFreeProvisioningTeam='0'>'>
	<IDEDistributionContext: 0x7f9ff375f380; archive = '<IDEArchive: 0x7f9ff4ac2cf0>', distributionMethod='<IDEDistributionMethodAdHoc: 0x7f9ff4fba1c0>', team='<IDEProvisioningDisambiguatableBasicTeam: 0x7f9ff157f250; teamID='D4862A5JQ6', teamName='Matthew Taylor', teamType='Individual', username='majikpig@gmail.com', isFreeProvisioningTeam='0'>'>
	<IDEDistributionContext: 0x7f9ff60abe60; archive = '<IDEArchive: 0x7f9ff4ac2cf0>', distributionMethod='<IDEDistributionMethodAdHoc: 0x7f9ff4fba1c0>', team='<IDEProvisioningDisambiguatableBasicTeam: 0x7f9ff157f250; teamID='D4862A5JQ6', teamName='Matthew Taylor', teamType='Individual', username='majikpig@gmail.com', isFreeProvisioningTeam='0'>'>
	<IDEDistributionContext: 0x7f9ff62bebb0; archive = '<IDEArchive: 0x7f9ff4ac2cf0>', distributionMethod='<IDEDistributionMethodAdHoc: 0x7f9ff4fba1c0>', team='<IDEProvisioningDisambiguatableBasicTeam: 0x7f9ff157f250; teamID='D4862A5JQ6', teamName='Matthew Taylor', teamType='Individual', username='majikpig@gmail.com', isFreeProvisioningTeam='0'>'>
	<IDEDistributionContext: 0x7f9ff36f7000; archive = '<IDEArchive: 0x7f9ff4ac2cf0>', distributionMethod='<IDEDistributionMethodAdHoc: 0x7f9ff4fba1c0>', team='<IDEProvisioningDisambiguatableBasicTeam: 0x7f9ff157f250; teamID='D4862A5JQ6', teamName='Matthew Taylor', teamType='Individual', username='majikpig@gmail.com', isFreeProvisioningTeam='0'>'>
	<IDEDistributionContext: 0x7f9ff0eb3c70; archive = '<IDEArchive: 0x7f9ff4ac2cf0>', distributionMethod='<IDEDistributionMethodAdHoc: 0x7f9ff4fba1c0>', team='<IDEProvisioningDisambiguatableBasicTeam: 0x7f9ff157f250; teamID='D4862A5JQ6', teamName='Matthew Taylor', teamType='Individual', username='majikpig@gmail.com', isFreeProvisioningTeam='0'>'>
	<IDEDistributionContext: 0x7f9ff0e527a0; archive = '<IDEArchive: 0x7f9ff4ac2cf0>', distributionMethod='<IDEDistributionMethodAdHoc: 0x7f9ff4fba1c0>', team='<IDEProvisioningDisambiguatableBasicTeam: 0x7f9ff157f250; teamID='D4862A5JQ6', teamName='Matthew Taylor', teamType='Individual', username='majikpig@gmail.com', isFreeProvisioningTeam='0'>'>
	<IDEDistributionContext: 0x7f9ff63a4ed0; archive = '<IDEArchive: 0x7f9ff4ac2cf0>', distributionMethod='<IDEDistributionMethodAdHoc: 0x7f9ff4fba1c0>', team='<IDEProvisioningDisambiguatableBasicTeam: 0x7f9ff157f250; teamID='D4862A5JQ6', teamName='Matthew Taylor', teamType='Individual', username='majikpig@gmail.com', isFreeProvisioningTeam='0'>'>
	<IDEDistributionContext: 0x7f9ff4f1b630; archive = '<IDEArchive: 0x7f9ff4ac2cf0>', distributionMethod='<IDEDistributionMethodAdHoc: 0x7f9ff4fba1c0>', team='(null)'>
	<IDEDistributionContext: 0x7f9ff6ff4600; archive = '<IDEArchive: 0x7f9ff4ac2cf0>', distributionMethod='<IDEDistributionMethodAdHoc: 0x7f9ff4fba1c0>', team='(null)'>
	<IDEDistributionContext: 0x7f9ff057fb90; archive = '<IDEArchive: 0x7f9ff4ac2cf0>', distributionMethod='<IDEDistributionMethodAdHoc: 0x7f9ff4fba1c0>', team='(null)'>
	<IDEDistributionContext: 0x7f9ff6426b10; archive = '<IDEArchive: 0x7f9ff4ac2cf0>', distributionMethod='(null)', team='(null)'>
</IDEDistributionProcessingPipelineContext: 0x7f9ff593d8d0>
2019-12-18 16:58:49 +0000  Processing step: IDEDistributionCreateDestRootStep
2019-12-18 16:58:49 +0000  Processing step: IDEDistributionCopyItemStep
2019-12-18 16:58:49 +0000  Running /usr/bin/ditto '-V' '/Users/majikpig/Library/Developer/Xcode/Archives/2014-05-20/UBHub 5-20-14, 8.36 AM.xcarchive/Products/Applications/UBHub.app' '/var/folders/33/03wcmgv95mb34k8t73h6jvnr0000gn/T/XcodeDistPipeline.~~~NlBXRI/Root/Payload/UBHub.app'
2019-12-18 16:58:49 +0000  >>> Copying /Users/majikpig/Library/Developer/Xcode/Archives/2014-05-20/UBHub 5-20-14, 8.36 AM.xcarchive/Products/Applications/UBHub.app 
2019-12-18 16:58:49 +0000  copying file ./_CodeSignature/CodeResources ... 
2019-12-18 16:58:49 +0000  12616 bytes for ./_CodeSignature/CodeResources
2019-12-18 16:58:49 +0000  copying file ./Icon@80.png ... 
2019-12-18 16:58:49 +0000  13360 bytes for ./Icon@80.png
2019-12-18 16:58:49 +0000  copying file ./DisplayReportViewController.nib ... 
2019-12-18 16:58:49 +0000  2036 bytes for ./DisplayReportViewController.nib
2019-12-18 16:58:49 +0000  copying file ./TICDSSyncChange.mom ... 
2019-12-18 16:58:49 +0000  2988 bytes for ./TICDSSyncChange.mom
2019-12-18 16:58:49 +0000  copying file ./Icon.png ... 
2019-12-18 16:58:49 +0000  19042 bytes for ./Icon.png
2019-12-18 16:58:49 +0000  copying file ./en.lproj/InfoPlist.strings ... 
2019-12-18 16:58:49 +0000  42 bytes for ./en.lproj/InfoPlist.strings
2019-12-18 16:58:49 +0000  copying file ./Icon@76x76.png ... 
2019-12-18 16:58:49 +0000  12770 bytes for ./Icon@76x76.png
2019-12-18 16:58:49 +0000  copying file ./RollCallTopViewController.nib ... 
2019-12-18 16:58:49 +0000  4848 bytes for ./RollCallTopViewController.nib
2019-12-18 16:58:49 +0000  copying file ./592336_129915350474251_86147904_n.jpg ... 
2019-12-18 16:58:49 +0000  6012 bytes for ./592336_129915350474251_86147904_n.jpg
2019-12-18 16:58:49 +0000  copying file ./LOGOsmall.jpg ... 
2019-12-18 16:58:49 +0000  9437 bytes for ./LOGOsmall.jpg
2019-12-18 16:58:49 +0000  copying file ./Icon@152x152.png ... 
2019-12-18 16:58:49 +0000  30389 bytes for ./Icon@152x152.png
2019-12-18 16:58:49 +0000  copying file ./SplitView.nib ... 
2019-12-18 16:58:49 +0000  1430 bytes for ./SplitView.nib
2019-12-18 16:58:49 +0000  copying file ./ToolbarSplitView.nib ... 
2019-12-18 16:58:49 +0000  2059 bytes for ./ToolbarSplitView.nib
2019-12-18 16:58:49 +0000  copying file ./Upward-Bound-Logo-CMYK.jpg ... 
2019-12-18 16:58:49 +0000  11105 bytes for ./Upward-Bound-Logo-CMYK.jpg
2019-12-18 16:58:49 +0000  copying file ./Icon-Small.png ... 
2019-12-18 16:58:49 +0000  15523 bytes for ./Icon-Small.png
2019-12-18 16:58:49 +0000  copying file ./Default@2x.png ... 
2019-12-18 16:58:49 +0000  6316 bytes for ./Default@2x.png
2019-12-18 16:58:49 +0000  copying file ./upward-bound-logo.jpg ... 
2019-12-18 16:58:49 +0000  73417 bytes for ./upward-bound-logo.jpg
2019-12-18 16:58:49 +0000  copying file ./StudentViewController.nib ... 
2019-12-18 16:58:49 +0000  19976 bytes for ./StudentViewController.nib
2019-12-18 16:58:49 +0000  copying file ./TopBottomSplitViewController.nib ... 
2019-12-18 16:58:49 +0000  1461 bytes for ./TopBottomSplitViewController.nib
2019-12-18 16:58:49 +0000  copying file ./CheckInOutViewController.nib ... 
2019-12-18 16:58:49 +0000  7231 bytes for ./CheckInOutViewController.nib
2019-12-18 16:58:49 +0000  copying file ./Icon-Small@40.png ... 
2019-12-18 16:58:49 +0000  7159 bytes for ./Icon-Small@40.png
2019-12-18 16:58:49 +0000  copying file ./deviceInfo.plist ... 
2019-12-18 16:58:49 +0000  42 bytes for ./deviceInfo.plist
2019-12-18 16:58:49 +0000  copying file ./documentInfo.plist ... 
2019-12-18 16:58:49 +0000  42 bytes for ./documentInfo.plist
2019-12-18 16:58:49 +0000  copying file ./imapart13.jpg ... 
2019-12-18 16:58:49 +0000  804053 bytes for ./imapart13.jpg
2019-12-18 16:58:49 +0000  copying file ./InstructorsDetailViewController.nib ... 
2019-12-18 16:58:49 +0000  5918 bytes for ./InstructorsDetailViewController.nib
2019-12-18 16:58:49 +0000  copying file ./Icon-72.png ... 
2019-12-18 16:58:49 +0000  21109 bytes for ./Icon-72.png
2019-12-18 16:58:49 +0000  copying file ./UBHub.momd/UBHub.mom ... 
2019-12-18 16:58:49 +0000  16066 bytes for ./UBHub.momd/UBHub.mom
2019-12-18 16:58:49 +0000  copying file ./UBHub.momd/VersionInfo.plist ... 
2019-12-18 16:58:49 +0000  1158 bytes for ./UBHub.momd/VersionInfo.plist
2019-12-18 16:58:49 +0000  copying file ./UBHub.momd/UBHub 2.mom ... 
2019-12-18 16:58:49 +0000  29670 bytes for ./UBHub.momd/UBHub 2.mom
2019-12-18 16:58:49 +0000  copying file ./UBHub.momd/UBHub 2.omo ... 
2019-12-18 16:58:49 +0000  48336 bytes for ./UBHub.momd/UBHub 2.omo
2019-12-18 16:58:49 +0000  copying file ./DetailView.nib ... 
2019-12-18 16:58:49 +0000  4129 bytes for ./DetailView.nib
2019-12-18 16:58:49 +0000  copying file ./fingerTip.png ... 
2019-12-18 16:58:49 +0000  2821 bytes for ./fingerTip.png
copying file ./archived-expanded-entitlements.xcent ... 
2019-12-18 16:58:49 +0000  545 bytes for ./archived-expanded-entitlements.xcent
2019-12-18 16:58:49 +0000  copying file ./README.md ... 
2019-12-18 16:58:49 +0000  2883 bytes for ./README.md
2019-12-18 16:58:49 +0000  copying file ./Icon@2x.png ... 
2019-12-18 16:58:49 +0000  13340 bytes for ./Icon@2x.png
copying file ./StudentMenuViewController.nib ... 
2019-12-18 16:58:49 +0000  5821 bytes for ./StudentMenuViewController.nib
2019-12-18 16:58:49 +0000  copying file ./CoursesViewController.nib ... 
2019-12-18 16:58:49 +0000  7445 bytes for ./CoursesViewController.nib
2019-12-18 16:58:49 +0000  copying file ./ImportFileViewController.nib ... 
2019-12-18 16:58:49 +0000  4018 bytes for ./ImportFileViewController.nib
2019-12-18 16:58:49 +0000  copying file ./Icon-Small@58.png ... 
2019-12-18 16:58:49 +0000  9326 bytes for ./Icon-Small@58.png
2019-12-18 16:58:49 +0000  copying file ./Simperium.xcodeproj/project.pbxproj ... 
2019-12-18 16:58:49 +0000  191502 bytes for ./Simperium.xcodeproj/project.pbxproj
2019-12-18 16:58:49 +0000  copying file ./Simperium.xcodeproj/xcuserdata/majikpig.xcuserdatad/xcschemes/Framework.xcscheme ... 
2019-12-18 16:58:49 +0000  2026 bytes for ./Simperium.xcodeproj/xcuserdata/majikpig.xcuserdatad/xcschemes/Framework.xcscheme
2019-12-18 16:58:49 +0000  copying file ./Simperium.xcodeproj/xcuserdata/majikpig.xcuserdatad/xcschemes/Simperium.xcscheme ... 
2019-12-18 16:58:49 +0000  2897 bytes for ./Simperium.xcodeproj/xcuserdata/majikpig.xcuserdatad/xcschemes/Simperium.xcscheme
copying file ./Simperium.xcodeproj/xcuserdata/majikpig.xcuserdatad/xcschemes/xcschememanagement.plist ... 
2019-12-18 16:58:49 +0000  852 bytes for ./Simperium.xcodeproj/xcuserdata/majikpig.xcuserdatad/xcschemes/xcschememanagement.plist
2019-12-18 16:58:49 +0000  copying file ./Default-568h@2x.png ... 
2019-12-18 16:58:49 +0000  7014 bytes for ./Default-568h@2x.png
2019-12-18 16:58:49 +0000  copying file ./ResourceRules.plist ... 
2019-12-18 16:58:49 +0000  150 bytes for ./ResourceRules.plist
2019-12-18 16:58:49 +0000  copying file ./LOGO.jpg ... 
2019-12-18 16:58:49 +0000  43962 bytes for ./LOGO.jpg
2019-12-18 16:58:49 +0000  copying file ./SelectionPopUpViewController.nib ... 
2019-12-18 16:58:49 +0000  4846 bytes for ./SelectionPopUpViewController.nib
2019-12-18 16:58:49 +0000  copying file ./CourseListTableViewController.nib ... 
2019-12-18 16:58:49 +0000  1189 bytes for ./CourseListTableViewController.nib
2019-12-18 16:58:49 +0000  copying file ./caP.png ... 
2019-12-18 16:58:49 +0000  45176 bytes for ./caP.png
2019-12-18 16:58:49 +0000  copying file ./iTunesArtwork.png ... 
2019-12-18 16:58:49 +0000  87874 bytes for ./iTunesArtwork.png
2019-12-18 16:58:49 +0000  copying file ./UBHub ... 
2019-12-18 16:58:49 +0000  2304112 bytes for ./UBHub
2019-12-18 16:58:49 +0000  copying file ./RollCallTableViewController.nib ... 
2019-12-18 16:58:49 +0000  1189 bytes for ./RollCallTableViewController.nib
2019-12-18 16:58:49 +0000  copying file ./ItemListViewController.nib ... 
2019-12-18 16:58:49 +0000  1173 bytes for ./ItemListViewController.nib
2019-12-18 16:58:49 +0000  copying file ./ReadMe.txt ... 
2019-12-18 16:58:49 +0000  94 bytes for ./ReadMe.txt
2019-12-18 16:58:49 +0000  copying file ./Root.plist ... 
2019-12-18 16:58:49 +0000  263 bytes for ./Root.plist
2019-12-18 16:58:49 +0000  copying file ./Root.strings ... 
2019-12-18 16:58:49 +0000  139 bytes for ./Root.strings
2019-12-18 16:58:49 +0000  copying file ./IntroductionPopupViewController.nib ... 
2019-12-18 16:58:49 +0000  7449 bytes for ./IntroductionPopupViewController.nib
2019-12-18 16:58:49 +0000  copying file ./Icon-Small-50.png ... 
2019-12-18 16:58:49 +0000  18163 bytes for ./Icon-Small-50.png
2019-12-18 16:58:49 +0000  copying file ./SignatureView.nib ... 
2019-12-18 16:58:49 +0000  3001 bytes for ./SignatureView.nib
2019-12-18 16:58:49 +0000  copying file ./embedded.mobileprovision ... 
2019-12-18 16:58:49 +0000  10187 bytes for ./embedded.mobileprovision
2019-12-18 16:58:49 +0000  copying file ./Default.png ... 
2019-12-18 16:58:49 +0000  3688 bytes for ./Default.png
2019-12-18 16:58:49 +0000  copying file ./ReportsViewController.nib ... 
2019-12-18 16:58:49 +0000  16776 bytes for ./ReportsViewController.nib
2019-12-18 16:58:49 +0000  copying file ./AboutViewController.nib ... 
2019-12-18 16:58:49 +0000  4214 bytes for ./AboutViewController.nib
2019-12-18 16:58:49 +0000  copying file ./SettingsViewController.nib ... 
2019-12-18 16:58:49 +0000  5801 bytes for ./SettingsViewController.nib
2019-12-18 16:58:49 +0000  copying file ./Info.plist ... 
2019-12-18 16:58:49 +0000  1725 bytes for ./Info.plist
copying file ./TopBottomToolbarSplitView.nib ... 
2019-12-18 16:58:49 +0000  2064 bytes for ./TopBottomToolbarSplitView.nib
2019-12-18 16:58:49 +0000  copying file ./InstructorListViewController.nib ... 
2019-12-18 16:58:49 +0000  1189 bytes for ./InstructorListViewController.nib
2019-12-18 16:58:49 +0000  copying file ./Icon-Small@2x.png ... 
2019-12-18 16:58:49 +0000  19402 bytes for ./Icon-Small@2x.png
2019-12-18 16:58:49 +0000  copying file ./TICDSSyncChangeSet.momd/VersionInfo.plist ... 
2019-12-18 16:58:49 +0000  237 bytes for ./TICDSSyncChangeSet.momd/VersionInfo.plist
2019-12-18 16:58:49 +0000  copying file ./TICDSSyncChangeSet.momd/TICDSSyncChangeSet.omo ... 
2019-12-18 16:58:49 +0000  3568 bytes for ./TICDSSyncChangeSet.momd/TICDSSyncChangeSet.omo
2019-12-18 16:58:49 +0000  copying file ./TICDSSyncChangeSet.momd/TICDSSyncChangeSet.mom ... 
2019-12-18 16:58:49 +0000  2145 bytes for ./TICDSSyncChangeSet.momd/TICDSSyncChangeSet.mom
2019-12-18 16:58:49 +0000  copying file ./PkgInfo ... 
2019-12-18 16:58:49 +0000  8 bytes for ./PkgInfo
2019-12-18 16:58:49 +0000  copying file ./ItemListView.nib ... 
2019-12-18 16:58:49 +0000  1842 bytes for ./ItemListView.nib
2019-12-18 16:58:49 +0000  /usr/bin/ditto exited with 0
2019-12-18 16:58:49 +0000  Processing step: IDEDistributionEmbedProfileStep
2019-12-18 16:58:49 +0000  Processing step: IDEDistributionAppThinningPlistStep
2019-12-18 16:58:49 +0000  Skipping step: IDEDistributionAppThinningPlistStep because it said so
2019-12-18 16:58:49 +0000  Processing step: IDEDistributionCompileBitcodeStep
2019-12-18 16:58:49 +0000  Skipping step: IDEDistributionCompileBitcodeStep because it said so
2019-12-18 16:58:49 +0000  Processing step: IDEDistributionCodeSlimmingStep
2019-12-18 16:58:49 +0000  Processing step: IDEDistributionCopyBCSymbolMapsStep
2019-12-18 16:58:49 +0000  Skipping step: IDEDistributionCopyBCSymbolMapsStep because it said so
2019-12-18 16:58:49 +0000  Processing step: IDEDistributionSymbolsStep
2019-12-18 16:58:49 +0000  Skipping step: IDEDistributionSymbolsStep because it said so
2019-12-18 16:58:49 +0000  Processing step: IDEDistributionAppThinningStep
2019-12-18 16:58:49 +0000  Skipping step: IDEDistributionAppThinningStep because it said so
2019-12-18 16:58:49 +0000  Processing step: IDEDistributionArchThinningStep
2019-12-18 16:58:49 +0000  Running /Applications/Xcode.app/Contents/Developer/Toolchains/XcodeDefault.xctoolchain/usr/bin/lipo '/var/folders/33/03wcmgv95mb34k8t73h6jvnr0000gn/T/XcodeDistPipeline.~~~NlBXRI/Root/Payload/UBHub.app/UBHub' '-verify_arch' 'arm64e'
2019-12-18 16:58:49 +0000  /Applications/Xcode.app/Contents/Developer/Toolchains/XcodeDefault.xctoolchain/usr/bin/lipo exited with 1
2019-12-18 16:58:49 +0000  Skipping architecture thinning for item "UBHub" because arch "arm64e" wasn't found
2019-12-18 16:58:49 +0000  Processing step: IDEDistributionODRStep
2019-12-18 16:58:49 +0000  Processing step: IDEDistributionStripXattrsStep
2019-12-18 16:58:49 +0000  Running /usr/bin/xattr '-crs' '/var/folders/33/03wcmgv95mb34k8t73h6jvnr0000gn/T/XcodeDistPipeline.~~~NlBXRI/Root/Payload/UBHub.app'
2019-12-18 16:58:49 +0000  /usr/bin/xattr exited with 0
2019-12-18 16:58:49 +0000  Processing step: IDEDistributionCodesignStep
2019-12-18 16:58:49 +0000  Entitlements for <IDEDistributionItem: 0x7f9ff0e6e430; bundleID='net.Fantasmagorio.UBHub', path='<DVTFilePath:0x7f9ff6dbf850:'/Users/majikpig/Library/Developer/Xcode/Archives/2014-05-20/UBHub 5-20-14, 8.36 AM.xcarchive/Products/Applications/UBHub.app'>', codeSigningInfo='<_DVTCodeSigningInformation_Path: 0x7f9fefb9f180; isSigned='1', isAdHocSigned='0', signingCertificate='<DVTSigningCertificate: 0x7f9ff379e830; name='iPhone Developer: Matthew Taylor (P7W4LWDBV5)', hash='88F50D3AF8B747CF4326C7E4ACD9F3125A147DA8', serialNumber='10F681A7FD0E58AC', certificateKinds='(
    "1.2.840.113635.100.6.1.2"
), issueDate='2013-10-09 10:34:40 +0000''>', entitlements='{
    "application-identifier" = "D4862A5JQ6.net.Fantasmagorio.UBHub";
    "com.apple.developer.ubiquity-container-identifiers" =     (
        "D4862A5JQ6.net.Fantasmagorio.UBHub"
    );
    "com.apple.developer.ubiquity-kvstore-identifier" = "D4862A5JQ6.net.Fantasmagorio.UBHub";
    "get-task-allow" = 1;
    "keychain-access-groups" =     (
        "D4862A5JQ6.net.Fantasmagorio.UBHub"
    );
}', teamID='(null)', identifier='net.Fantasmagorio.UBHub', executablePath='<DVTFilePath:0x7f9ff2db11d0:'/Users/majikpig/Library/Developer/Xcode/Archives/2014-05-20/UBHub 5-20-14, 8.36 AM.xcarchive/Products/Applications/UBHub.app/UBHub'>', hardenedRuntime='0'>'>: {
    "application-identifier" = "D4862A5JQ6.net.Fantasmagorio.UBHub";
    "com.apple.developer.icloud-container-environment" = Production;
    "com.apple.developer.team-identifier" = D4862A5JQ6;
    "com.apple.developer.ubiquity-container-identifiers" =     (
        "D4862A5JQ6.net.Fantasmagorio.UBHub"
    );
    "com.apple.developer.ubiquity-kvstore-identifier" = "D4862A5JQ6.net.Fantasmagorio.UBHub";
    "get-task-allow" = 0;
    "keychain-access-groups" =     (
        "D4862A5JQ6.net.Fantasmagorio.UBHub"
    );
}
2019-12-18 16:58:49 +0000  Writing entitlements for <IDEDistributionItem: 0x7f9ff0e6e430; bundleID='net.Fantasmagorio.UBHub', path='<DVTFilePath:0x7f9ff6dbf850:'/Users/majikpig/Library/Developer/Xcode/Archives/2014-05-20/UBHub 5-20-14, 8.36 AM.xcarchive/Products/Applications/UBHub.app'>', codeSigningInfo='<_DVTCodeSigningInformation_Path: 0x7f9fefb9f180; isSigned='1', isAdHocSigned='0', signingCertificate='<DVTSigningCertificate: 0x7f9ff37b8840; name='iPhone Developer: Matthew Taylor (P7W4LWDBV5)', hash='88F50D3AF8B747CF4326C7E4ACD9F3125A147DA8', serialNumber='10F681A7FD0E58AC', certificateKinds='(
    "1.2.840.113635.100.6.1.2"
), issueDate='2013-10-09 10:34:40 +0000''>', entitlements='{
    "application-identifier" = "D4862A5JQ6.net.Fantasmagorio.UBHub";
    "com.apple.developer.ubiquity-container-identifiers" =     (
        "D4862A5JQ6.net.Fantasmagorio.UBHub"
    );
    "com.apple.developer.ubiquity-kvstore-identifier" = "D4862A5JQ6.net.Fantasmagorio.UBHub";
    "get-task-allow" = 1;
    "keychain-access-groups" =     (
        "D4862A5JQ6.net.Fantasmagorio.UBHub"
    );
}', teamID='(null)', identifier='net.Fantasmagorio.UBHub', executablePath='<DVTFilePath:0x7f9ff2db11d0:'/Users/majikpig/Library/Developer/Xcode/Archives/2014-05-20/UBHub 5-20-14, 8.36 AM.xcarchive/Products/Applications/UBHub.app/UBHub'>', hardenedRuntime='0'>'> to: /var/folders/33/03wcmgv95mb34k8t73h6jvnr0000gn/T/XcodeDistPipeline.~~~NlBXRI/entitlements~~~OAIsos
2019-12-18 16:58:49 +0000  Running /usr/bin/codesign '-vvv' '--force' '--sign' 'DAD32F6B396BB805ACB0CB048618104F4405569D' '--entitlements' '/var/folders/33/03wcmgv95mb34k8t73h6jvnr0000gn/T/XcodeDistPipeline.~~~NlBXRI/entitlements~~~OAIsos' '--preserve-metadata=identifier,flags,runtime' '/var/folders/33/03wcmgv95mb34k8t73h6jvnr0000gn/T/XcodeDistPipeline.~~~NlBXRI/Root/Payload/UBHub.app'
2019-12-18 16:58:49 +0000  /var/folders/33/03wcmgv95mb34k8t73h6jvnr0000gn/T/XcodeDistPipeline.~~~NlBXRI/Root/Payload/UBHub.app: replacing existing signature
2019-12-18 16:58:57 +0000  /var/folders/33/03wcmgv95mb34k8t73h6jvnr0000gn/T/XcodeDistPipeline.~~~NlBXRI/Root/Payload/UBHub.app: signed app bundle with Mach-O universal (armv7 armv7s) [net.Fantasmagorio.UBHub]
2019-12-18 16:58:57 +0000  /usr/bin/codesign exited with 0
2019-12-18 16:58:57 +0000  Processing step: IDEDistributionZipODRItemStep
2019-12-18 16:58:57 +0000  Skipping step: IDEDistributionZipODRItemStep because it said so
2019-12-18 16:58:57 +0000  Processing step: IDEDistributionCreateIPAStep
2019-12-18 16:58:57 +0000  Running /usr/bin/ditto '-V' '-c' '-k' '--norsrc' '/var/folders/33/03wcmgv95mb34k8t73h6jvnr0000gn/T/XcodeDistPipeline.~~~NlBXRI/Root' '/var/folders/33/03wcmgv95mb34k8t73h6jvnr0000gn/T/XcodeDistPipeline.~~~NlBXRI/Packages/UBHub.ipa'
2019-12-18 16:58:57 +0000  >>> Copying /var/folders/33/03wcmgv95mb34k8t73h6jvnr0000gn/T/XcodeDistPipeline.~~~NlBXRI/Root 
2019-12-18 16:58:57 +0000  copying file ./Payload/UBHub.app/_CodeSignature/CodeResources ... 
2019-12-18 16:58:57 +0000  20997 bytes for ./Payload/UBHub.app/_CodeSignature/CodeResources
2019-12-18 16:58:57 +0000  copying file ./Payload/UBHub.app/Icon@80.png ... 
2019-12-18 16:58:57 +0000  13360 bytes for ./Payload/UBHub.app/Icon@80.png
2019-12-18 16:58:57 +0000  copying file ./Payload/UBHub.app/DisplayReportViewController.nib ... 
2019-12-18 16:58:57 +0000  2036 bytes for ./Payload/UBHub.app/DisplayReportViewController.nib
copying file ./Payload/UBHub.app/TICDSSyncChange.mom ... 
2019-12-18 16:58:57 +0000  2988 bytes for ./Payload/UBHub.app/TICDSSyncChange.mom
2019-12-18 16:58:57 +0000  copying file ./Payload/UBHub.app/Icon.png ... 
2019-12-18 16:58:57 +0000  19042 bytes for ./Payload/UBHub.app/Icon.png
2019-12-18 16:58:57 +0000  copying file ./Payload/UBHub.app/en.lproj/InfoPlist.strings ... 
2019-12-18 16:58:57 +0000  42 bytes for ./Payload/UBHub.app/en.lproj/InfoPlist.strings
copying file ./Payload/UBHub.app/Icon@76x76.png ... 
2019-12-18 16:58:57 +0000  12770 bytes for ./Payload/UBHub.app/Icon@76x76.png
2019-12-18 16:58:57 +0000  copying file ./Payload/UBHub.app/RollCallTopViewController.nib ... 
2019-12-18 16:58:57 +0000  4848 bytes for ./Payload/UBHub.app/RollCallTopViewController.nib
2019-12-18 16:58:57 +0000  copying file ./Payload/UBHub.app/592336_129915350474251_86147904_n.jpg ... 
2019-12-18 16:58:57 +0000  6012 bytes for ./Payload/UBHub.app/592336_129915350474251_86147904_n.jpg
2019-12-18 16:58:57 +0000  copying file ./Payload/UBHub.app/LOGOsmall.jpg ... 
2019-12-18 16:58:57 +0000  9437 bytes for ./Payload/UBHub.app/LOGOsmall.jpg
2019-12-18 16:58:57 +0000  copying file ./Payload/UBHub.app/Icon@152x152.png ... 
2019-12-18 16:58:57 +0000  30389 bytes for ./Payload/UBHub.app/Icon@152x152.png
2019-12-18 16:58:57 +0000  copying file ./Payload/UBHub.app/SplitView.nib ... 
2019-12-18 16:58:57 +0000  1430 bytes for ./Payload/UBHub.app/SplitView.nib
copying file ./Payload/UBHub.app/ToolbarSplitView.nib ... 
2019-12-18 16:58:57 +0000  2059 bytes for ./Payload/UBHub.app/ToolbarSplitView.nib
2019-12-18 16:58:57 +0000  copying file ./Payload/UBHub.app/Upward-Bound-Logo-CMYK.jpg ... 
2019-12-18 16:58:57 +0000  11105 bytes for ./Payload/UBHub.app/Upward-Bound-Logo-CMYK.jpg
2019-12-18 16:58:57 +0000  copying file ./Payload/UBHub.app/Icon-Small.png ... 
2019-12-18 16:58:57 +0000  15523 bytes for ./Payload/UBHub.app/Icon-Small.png
2019-12-18 16:58:57 +0000  copying file ./Payload/UBHub.app/Default@2x.png ... 
2019-12-18 16:58:57 +0000  6316 bytes for ./Payload/UBHub.app/Default@2x.png
2019-12-18 16:58:57 +0000  copying file ./Payload/UBHub.app/upward-bound-logo.jpg ... 
2019-12-18 16:58:57 +0000  73417 bytes for ./Payload/UBHub.app/upward-bound-logo.jpg
2019-12-18 16:58:57 +0000  copying file ./Payload/UBHub.app/StudentViewController.nib ... 
2019-12-18 16:58:57 +0000  19976 bytes for ./Payload/UBHub.app/StudentViewController.nib
2019-12-18 16:58:57 +0000  copying file ./Payload/UBHub.app/TopBottomSplitViewController.nib ... 
2019-12-18 16:58:57 +0000  1461 bytes for ./Payload/UBHub.app/TopBottomSplitViewController.nib
copying file ./Payload/UBHub.app/CheckInOutViewController.nib ... 
2019-12-18 16:58:57 +0000  7231 bytes for ./Payload/UBHub.app/CheckInOutViewController.nib
2019-12-18 16:58:57 +0000  copying file ./Payload/UBHub.app/Icon-Small@40.png ... 
2019-12-18 16:58:57 +0000  7159 bytes for ./Payload/UBHub.app/Icon-Small@40.png
2019-12-18 16:58:57 +0000  copying file ./Payload/UBHub.app/deviceInfo.plist ... 
2019-12-18 16:58:57 +0000  42 bytes for ./Payload/UBHub.app/deviceInfo.plist
copying file ./Payload/UBHub.app/documentInfo.plist ... 
2019-12-18 16:58:57 +0000  42 bytes for ./Payload/UBHub.app/documentInfo.plist
copying file ./Payload/UBHub.app/imapart13.jpg ... 
2019-12-18 16:58:57 +0000  804053 bytes for ./Payload/UBHub.app/imapart13.jpg
copying file ./Payload/UBHub.app/InstructorsDetailViewController.nib ... 
2019-12-18 16:58:57 +0000  5918 bytes for ./Payload/UBHub.app/InstructorsDetailViewController.nib
copying file ./Payload/UBHub.app/Icon-72.png ... 
2019-12-18 16:58:57 +0000  21109 bytes for ./Payload/UBHub.app/Icon-72.png
2019-12-18 16:58:57 +0000  copying file ./Payload/UBHub.app/UBHub.momd/UBHub.mom ... 
2019-12-18 16:58:57 +0000  16066 bytes for ./Payload/UBHub.app/UBHub.momd/UBHub.mom
2019-12-18 16:58:57 +0000  copying file ./Payload/UBHub.app/UBHub.momd/VersionInfo.plist ... 
2019-12-18 16:58:57 +0000  1158 bytes for ./Payload/UBHub.app/UBHub.momd/VersionInfo.plist
copying file ./Payload/UBHub.app/UBHub.momd/UBHub 2.mom ... 
2019-12-18 16:58:57 +0000  29670 bytes for ./Payload/UBHub.app/UBHub.momd/UBHub 2.mom
copying file ./Payload/UBHub.app/UBHub.momd/UBHub 2.omo ... 
2019-12-18 16:58:57 +0000  48336 bytes for ./Payload/UBHub.app/UBHub.momd/UBHub 2.omo
2019-12-18 16:58:57 +0000  copying file ./Payload/UBHub.app/DetailView.nib ... 
2019-12-18 16:58:57 +0000  4129 bytes for ./Payload/UBHub.app/DetailView.nib
2019-12-18 16:58:57 +0000  copying file ./Payload/UBHub.app/fingerTip.png ... 
2019-12-18 16:58:57 +0000  2821 bytes for ./Payload/UBHub.app/fingerTip.png
copying file ./Payload/UBHub.app/archived-expanded-entitlements.xcent ... 
2019-12-18 16:58:57 +0000  545 bytes for ./Payload/UBHub.app/archived-expanded-entitlements.xcent
2019-12-18 16:58:57 +0000  copying file ./Payload/UBHub.app/README.md ... 
2019-12-18 16:58:57 +0000  2883 bytes for ./Payload/UBHub.app/README.md
2019-12-18 16:58:57 +0000  copying file ./Payload/UBHub.app/Icon@2x.png ... 
2019-12-18 16:58:57 +0000  13340 bytes for ./Payload/UBHub.app/Icon@2x.png
2019-12-18 16:58:57 +0000  copying file ./Payload/UBHub.app/StudentMenuViewController.nib ... 
2019-12-18 16:58:57 +0000  5821 bytes for ./Payload/UBHub.app/StudentMenuViewController.nib
2019-12-18 16:58:57 +0000  copying file ./Payload/UBHub.app/CoursesViewController.nib ... 
2019-12-18 16:58:57 +0000  7445 bytes for ./Payload/UBHub.app/CoursesViewController.nib
2019-12-18 16:58:57 +0000  copying file ./Payload/UBHub.app/ImportFileViewController.nib ... 
2019-12-18 16:58:57 +0000  4018 bytes for ./Payload/UBHub.app/ImportFileViewController.nib
2019-12-18 16:58:57 +0000  copying file ./Payload/UBHub.app/Icon-Small@58.png ... 
2019-12-18 16:58:57 +0000  9326 bytes for ./Payload/UBHub.app/Icon-Small@58.png
2019-12-18 16:58:57 +0000  copying file ./Payload/UBHub.app/Simperium.xcodeproj/project.pbxproj ... 
2019-12-18 16:58:57 +0000  191502 bytes for ./Payload/UBHub.app/Simperium.xcodeproj/project.pbxproj
2019-12-18 16:58:57 +0000  copying file ./Payload/UBHub.app/Simperium.xcodeproj/xcuserdata/majikpig.xcuserdatad/xcschemes/Framework.xcscheme ... 
2019-12-18 16:58:57 +0000  2026 bytes for ./Payload/UBHub.app/Simperium.xcodeproj/xcuserdata/majikpig.xcuserdatad/xcschemes/Framework.xcscheme
copying file ./Payload/UBHub.app/Simperium.xcodeproj/xcuserdata/majikpig.xcuserdatad/xcschemes/Simperium.xcscheme ... 
2019-12-18 16:58:57 +0000  2897 bytes for ./Payload/UBHub.app/Simperium.xcodeproj/xcuserdata/majikpig.xcuserdatad/xcschemes/Simperium.xcscheme
2019-12-18 16:58:57 +0000  copying file ./Payload/UBHub.app/Simperium.xcodeproj/xcuserdata/majikpig.xcuserdatad/xcschemes/xcschememanagement.plist ... 
2019-12-18 16:58:57 +0000  852 bytes for ./Payload/UBHub.app/Simperium.xcodeproj/xcuserdata/majikpig.xcuserdatad/xcschemes/xcschememanagement.plist
2019-12-18 16:58:57 +0000  copying file ./Payload/UBHub.app/Default-568h@2x.png ... 
2019-12-18 16:58:57 +0000  7014 bytes for ./Payload/UBHub.app/Default-568h@2x.png
2019-12-18 16:58:57 +0000  copying file ./Payload/UBHub.app/ResourceRules.plist ... 
2019-12-18 16:58:57 +0000  150 bytes for ./Payload/UBHub.app/ResourceRules.plist
copying file ./Payload/UBHub.app/LOGO.jpg ... 
2019-12-18 16:58:57 +0000  43962 bytes for ./Payload/UBHub.app/LOGO.jpg
2019-12-18 16:58:57 +0000  copying file ./Payload/UBHub.app/SelectionPopUpViewController.nib ... 
2019-12-18 16:58:57 +0000  4846 bytes for ./Payload/UBHub.app/SelectionPopUpViewController.nib
copying file ./Payload/UBHub.app/CourseListTableViewController.nib ... 
2019-12-18 16:58:57 +0000  1189 bytes for ./Payload/UBHub.app/CourseListTableViewController.nib
2019-12-18 16:58:57 +0000  copying file ./Payload/UBHub.app/caP.png ... 
2019-12-18 16:58:57 +0000  45176 bytes for ./Payload/UBHub.app/caP.png
copying file ./Payload/UBHub.app/iTunesArtwork.png ... 
2019-12-18 16:58:57 +0000  87874 bytes for ./Payload/UBHub.app/iTunesArtwork.png
copying file ./Payload/UBHub.app/UBHub ... 
2019-12-18 16:58:58 +0000  2338816 bytes for ./Payload/UBHub.app/UBHub
copying file ./Payload/UBHub.app/RollCallTableViewController.nib ... 
2019-12-18 16:58:58 +0000  1189 bytes for ./Payload/UBHub.app/RollCallTableViewController.nib
copying file ./Payload/UBHub.app/ItemListViewController.nib ... 
2019-12-18 16:58:58 +0000  1173 bytes for ./Payload/UBHub.app/ItemListViewController.nib
2019-12-18 16:58:58 +0000  copying file ./Payload/UBHub.app/ReadMe.txt ... 
2019-12-18 16:58:58 +0000  94 bytes for ./Payload/UBHub.app/ReadMe.txt
copying file ./Payload/UBHub.app/Root.plist ... 
2019-12-18 16:58:58 +0000  263 bytes for ./Payload/UBHub.app/Root.plist
copying file ./Payload/UBHub.app/Root.strings ... 
2019-12-18 16:58:58 +0000  139 bytes for ./Payload/UBHub.app/Root.strings
copying file ./Payload/UBHub.app/IntroductionPopupViewController.nib ... 
2019-12-18 16:58:58 +0000  7449 bytes for ./Payload/UBHub.app/IntroductionPopupViewController.nib
2019-12-18 16:58:58 +0000  copying file ./Payload/UBHub.app/Icon-Small-50.png ... 
2019-12-18 16:58:58 +0000  18163 bytes for ./Payload/UBHub.app/Icon-Small-50.png
2019-12-18 16:58:58 +0000  copying file ./Payload/UBHub.app/SignatureView.nib ... 
2019-12-18 16:58:58 +0000  3001 bytes for ./Payload/UBHub.app/SignatureView.nib
2019-12-18 16:58:58 +0000  copying file ./Payload/UBHub.app/embedded.mobileprovision ... 
2019-12-18 16:58:58 +0000  10879 bytes for ./Payload/UBHub.app/embedded.mobileprovision
2019-12-18 16:58:58 +0000  copying file ./Payload/UBHub.app/Default.png ... 
2019-12-18 16:58:58 +0000  3688 bytes for ./Payload/UBHub.app/Default.png
2019-12-18 16:58:58 +0000  copying file ./Payload/UBHub.app/ReportsViewController.nib ... 
2019-12-18 16:58:58 +0000  16776 bytes for ./Payload/UBHub.app/ReportsViewController.nib
2019-12-18 16:58:58 +0000  copying file ./Payload/UBHub.app/AboutViewController.nib ... 
2019-12-18 16:58:58 +0000  4214 bytes for ./Payload/UBHub.app/AboutViewController.nib
2019-12-18 16:58:58 +0000  copying file ./Payload/UBHub.app/SettingsViewController.nib ... 
2019-12-18 16:58:58 +0000  5801 bytes for ./Payload/UBHub.app/SettingsViewController.nib
2019-12-18 16:58:58 +0000  copying file ./Payload/UBHub.app/Info.plist ... 
2019-12-18 16:58:58 +0000  1725 bytes for ./Payload/UBHub.app/Info.plist
copying file ./Payload/UBHub.app/TopBottomToolbarSplitView.nib ... 
2019-12-18 16:58:58 +0000  2064 bytes for ./Payload/UBHub.app/TopBottomToolbarSplitView.nib
2019-12-18 16:58:58 +0000  copying file ./Payload/UBHub.app/InstructorListViewController.nib ... 
2019-12-18 16:58:58 +0000  1189 bytes for ./Payload/UBHub.app/InstructorListViewController.nib
copying file ./Payload/UBHub.app/Icon-Small@2x.png ... 
2019-12-18 16:58:58 +0000  19402 bytes for ./Payload/UBHub.app/Icon-Small@2x.png
2019-12-18 16:58:58 +0000  copying file ./Payload/UBHub.app/TICDSSyncChangeSet.momd/VersionInfo.plist ... 
2019-12-18 16:58:58 +0000  237 bytes for ./Payload/UBHub.app/TICDSSyncChangeSet.momd/VersionInfo.plist
copying file ./Payload/UBHub.app/TICDSSyncChangeSet.momd/TICDSSyncChangeSet.omo ... 
2019-12-18 16:58:58 +0000  3568 bytes for ./Payload/UBHub.app/TICDSSyncChangeSet.momd/TICDSSyncChangeSet.omo
2019-12-18 16:58:58 +0000  copying file ./Payload/UBHub.app/TICDSSyncChangeSet.momd/TICDSSyncChangeSet.mom ... 
2019-12-18 16:58:58 +0000  2145 bytes for ./Payload/UBHub.app/TICDSSyncChangeSet.momd/TICDSSyncChangeSet.mom
copying file ./Payload/UBHub.app/PkgInfo ... 
2019-12-18 16:58:58 +0000  8 bytes for ./Payload/UBHub.app/PkgInfo
copying file ./Payload/UBHub.app/ItemListView.nib ... 
2019-12-18 16:58:58 +0000  1842 bytes for ./Payload/UBHub.app/ItemListView.nib
2019-12-18 16:58:58 +0000  /usr/bin/ditto exited with 0
2019-12-18 16:58:58 +0000  Processing step: IDEDistributionAppStoreInformationStep
2019-12-18 16:58:58 +0000  Skipping step: IDEDistributionAppStoreInformationStep because it said so
2019-12-18 16:58:58 +0000  Processing step: IDEDistributionGenerateProcessedDistributionItems
2019-12-18 16:58:58 +0000  Processing step: IDEDistributionCreateManifestStep
